<?xml version="1.0" encoding="UTF-8"?>
<!-- Generated by org.testng.reporters.JUnitXMLReporter -->
<testsuite hostname="Godfather" name="Default test" tests="3" failures="0" timestamp="25 Mar 2021 13:12:46 GMT" time="189.039" errors="0">
  <testcase name="loginTest_InvalidPassword" time="2.727" classname="freecrm.test.Tests.LoginTest"/>
  <testcase name="loginTest_InvalidUsernamePassword" time="2.991" classname="freecrm.test.Tests.LoginTest"/>
  <testcase name="loginTestPositive" time="81.359" classname="freecrm.test.Tests.LoginTest"/>
</testsuite> <!-- Default test -->
