<?xml version="1.0" encoding="UTF-8"?>
<testng-results skipped="0" failed="0" total="3" passed="3">
  <reporter-output>
  </reporter-output>
  <suite name="AutomationSuit" duration-ms="47725" started-at="2021-03-25T13:28:29Z" finished-at="2021-03-25T13:29:17Z">
    <groups>
    </groups>
    <test name="Regression" duration-ms="47725" started-at="2021-03-25T13:28:29Z" finished-at="2021-03-25T13:29:17Z">
      <class name="freecrm.test.Tests.LoginTest">
        <test-method status="PASS" signature="setBase()[pri:0, instance:freecrm.test.Tests.LoginTest@7ea4d397]" name="setBase" is-config="true" duration-ms="12494" started-at="2021-03-25T18:58:29Z" finished-at="2021-03-25T18:58:42Z">
          <reporter-output>
          </reporter-output>
        </test-method> <!-- setBase -->
        <test-method status="PASS" signature="loginTest_InvalidPassword()[pri:1, instance:freecrm.test.Tests.LoginTest@7ea4d397]" name="loginTest_InvalidPassword" duration-ms="2396" started-at="2021-03-25T18:58:42Z" finished-at="2021-03-25T18:58:44Z">
          <reporter-output>
          </reporter-output>
        </test-method> <!-- loginTest_InvalidPassword -->
        <test-method status="PASS" signature="tearDown()[pri:0, instance:freecrm.test.Tests.LoginTest@7ea4d397]" name="tearDown" is-config="true" duration-ms="806" started-at="2021-03-25T18:58:44Z" finished-at="2021-03-25T18:58:45Z">
          <reporter-output>
          </reporter-output>
        </test-method> <!-- tearDown -->
        <test-method status="PASS" signature="setBase()[pri:0, instance:freecrm.test.Tests.LoginTest@7ea4d397]" name="setBase" is-config="true" duration-ms="10093" started-at="2021-03-25T18:58:45Z" finished-at="2021-03-25T18:58:55Z">
          <reporter-output>
          </reporter-output>
        </test-method> <!-- setBase -->
        <test-method status="PASS" signature="loginTest_InvalidUsernamePassword()[pri:2, instance:freecrm.test.Tests.LoginTest@7ea4d397]" name="loginTest_InvalidUsernamePassword" duration-ms="2392" started-at="2021-03-25T18:58:55Z" finished-at="2021-03-25T18:58:58Z">
          <reporter-output>
          </reporter-output>
        </test-method> <!-- loginTest_InvalidUsernamePassword -->
        <test-method status="PASS" signature="tearDown()[pri:0, instance:freecrm.test.Tests.LoginTest@7ea4d397]" name="tearDown" is-config="true" duration-ms="755" started-at="2021-03-25T18:58:58Z" finished-at="2021-03-25T18:58:58Z">
          <reporter-output>
          </reporter-output>
        </test-method> <!-- tearDown -->
        <test-method status="PASS" signature="setBase()[pri:0, instance:freecrm.test.Tests.LoginTest@7ea4d397]" name="setBase" is-config="true" duration-ms="10831" started-at="2021-03-25T18:58:58Z" finished-at="2021-03-25T18:59:09Z">
          <reporter-output>
          </reporter-output>
        </test-method> <!-- setBase -->
        <test-method status="PASS" signature="loginTestPositive()[pri:3, instance:freecrm.test.Tests.LoginTest@7ea4d397]" name="loginTestPositive" duration-ms="7100" started-at="2021-03-25T18:59:09Z" finished-at="2021-03-25T18:59:16Z">
          <reporter-output>
          </reporter-output>
        </test-method> <!-- loginTestPositive -->
        <test-method status="PASS" signature="tearDown()[pri:0, instance:freecrm.test.Tests.LoginTest@7ea4d397]" name="tearDown" is-config="true" duration-ms="739" started-at="2021-03-25T18:59:16Z" finished-at="2021-03-25T18:59:17Z">
          <reporter-output>
          </reporter-output>
        </test-method> <!-- tearDown -->
      </class> <!-- freecrm.test.Tests.LoginTest -->
    </test> <!-- Regression -->
  </suite> <!-- AutomationSuit -->
</testng-results>
