<?xml version="1.0" encoding="UTF-8"?>
<!-- Generated by org.testng.reporters.JUnitXMLReporter -->
<testsuite hostname="Godfather" name="Regression" tests="3" failures="0" timestamp="25 Mar 2021 13:29:17 GMT" time="47.725" errors="0">
  <testcase name="loginTest_InvalidPassword" time="2.396" classname="freecrm.test.Tests.LoginTest"/>
  <testcase name="loginTest_InvalidUsernamePassword" time="2.392" classname="freecrm.test.Tests.LoginTest"/>
  <testcase name="loginTestPositive" time="7.1" classname="freecrm.test.Tests.LoginTest"/>
</testsuite> <!-- Regression -->
